<?xml version="1.0" encoding="UTF-8"?>
<!-- Generated by org.testng.reporters.JUnitXMLReporter -->
<testsuite ignored="0" hostname="WKWZTTtjyhx7E9w" failures="0" tests="3" name="Default test" time="3.307" errors="0" timestamp="2022-08-18T14:40:51 IST">
  <testcase classname="org.usb.testing.APITest" name="createUser" time="2.05"/>
  <testcase classname="org.usb.testing.APITest" name="getUserById" time="1.109"/>
  <testcase classname="org.usb.testing.APITest" name="getUsers" time="0.107"/>
</testsuite> <!-- Default test -->
