<?xml version="1.0" encoding="UTF-8"?>
<testng-results ignored="0" total="3" passed="3" failed="0" skipped="0">
  <reporter-output>
  </reporter-output>
  <suite started-at="2022-08-18T14:40:48 IST" name="Default suite" finished-at="2022-08-18T14:40:51 IST" duration-ms="3307">
    <groups>
    </groups>
    <test started-at="2022-08-18T14:40:48 IST" name="Default test" finished-at="2022-08-18T14:40:51 IST" duration-ms="3307">
      <class name="org.usb.testing.APITest">
        <test-method signature="createUser()[pri:0, instance:org.usb.testing.APITest@4803b726]" started-at="2022-08-18T14:40:48 IST" name="createUser" description="To create a new user" finished-at="2022-08-18T14:40:50 IST" duration-ms="2050" status="PASS">
          <reporter-output>
          </reporter-output>
        </test-method> <!-- createUser -->
        <test-method signature="getUserById()[pri:0, instance:org.usb.testing.APITest@4803b726]" started-at="2022-08-18T14:40:50 IST" name="getUserById" finished-at="2022-08-18T14:40:51 IST" duration-ms="1109" status="PASS">
          <reporter-output>
          </reporter-output>
        </test-method> <!-- getUserById -->
        <test-method signature="getUsers()[pri:0, instance:org.usb.testing.APITest@4803b726]" started-at="2022-08-18T14:40:51 IST" name="getUsers" finished-at="2022-08-18T14:40:51 IST" duration-ms="107" status="PASS">
          <reporter-output>
          </reporter-output>
        </test-method> <!-- getUsers -->
      </class> <!-- org.usb.testing.APITest -->
    </test> <!-- Default test -->
  </suite> <!-- Default suite -->
</testng-results>
