<?xml version="1.0" encoding="UTF-8"?>
<testng-results ignored="0" total="3" passed="3" failed="0" skipped="0">
  <reporter-output>
  </reporter-output>
  <suite started-at="2022-08-29T11:46:30 IST" name="Test Suite" finished-at="2022-08-29T11:46:32 IST" duration-ms="2162">
    <groups>
    </groups>
    <test started-at="2022-08-29T11:46:30 IST" name="Test Demo" finished-at="2022-08-29T11:46:32 IST" duration-ms="2162">
      <class name="org.usb.testing.APITest">
        <test-method signature="createUser()[pri:0, instance:org.usb.testing.APITest@f0da945]" started-at="2022-08-29T11:46:30 IST" name="createUser" description="To create a new user" finished-at="2022-08-29T11:46:32 IST" duration-ms="1827" status="PASS">
          <reporter-output>
          </reporter-output>
        </test-method> <!-- createUser -->
        <test-method signature="getUserById()[pri:0, instance:org.usb.testing.APITest@f0da945]" started-at="2022-08-29T11:46:32 IST" name="getUserById" finished-at="2022-08-29T11:46:32 IST" duration-ms="116" status="PASS">
          <reporter-output>
          </reporter-output>
        </test-method> <!-- getUserById -->
        <test-method signature="getUsers()[pri:0, instance:org.usb.testing.APITest@f0da945]" started-at="2022-08-29T11:46:32 IST" name="getUsers" finished-at="2022-08-29T11:46:32 IST" duration-ms="166" status="PASS">
          <reporter-output>
          </reporter-output>
        </test-method> <!-- getUsers -->
      </class> <!-- org.usb.testing.APITest -->
    </test> <!-- Test Demo -->
  </suite> <!-- Test Suite -->
</testng-results>
